=== GitHub Actions Workflow Status ===
Date: 2025-11-12 11:09:57.886196

--- Recent Workflow Runs ---
Total workflow runs found: 36

Recent runs:

  Run #19278952010:
    Name: test-coverage
    Branch: update-vignette-comparison
    Status: completed
    Conclusion: success
    Created: 2025-11-11T21:24:50Z
    URL: https://github.com/JohnGavin/statues_named_john/actions/runs/19278952010

  Run #19278951999:
    Name: R-CMD-check
    Branch: update-vignette-comparison
    Status: completed
    Conclusion: success
    Created: 2025-11-11T21:24:50Z
    URL: https://github.com/JohnGavin/statues_named_john/actions/runs/19278951999

  Run #19278951998:
    Name: pkgdown
    Branch: update-vignette-comparison
    Status: completed
    Conclusion: success
    Created: 2025-11-11T21:24:50Z
    URL: https://github.com/JohnGavin/statues_named_john/actions/runs/19278951998

  Run #19270985589:
    Name: pages build and deployment
    Branch: gh-pages
    Status: completed
    Conclusion: success
    Created: 2025-11-11T15:48:37Z
    URL: https://github.com/JohnGavin/statues_named_john/actions/runs/19270985589

  Run #19270922539:
    Name: pkgdown
    Branch: main
    Status: completed
    Conclusion: success
    Created: 2025-11-11T15:46:20Z
    URL: https://github.com/JohnGavin/statues_named_john/actions/runs/19270922539

  Run #19270922531:
    Name: R-CMD-check
    Branch: main
    Status: completed
    Conclusion: success
    Created: 2025-11-11T15:46:20Z
    URL: https://github.com/JohnGavin/statues_named_john/actions/runs/19270922531

  Run #19270922505:
    Name: test-coverage
    Branch: main
    Status: completed
    Conclusion: success
    Created: 2025-11-11T15:46:20Z
    URL: https://github.com/JohnGavin/statues_named_john/actions/runs/19270922505

  Run #19270896138:
    Name: pages build and deployment
    Branch: gh-pages
    Status: completed
    Conclusion: success
    Created: 2025-11-11T15:45:23Z
    URL: https://github.com/JohnGavin/statues_named_john/actions/runs/19270896138

  Run #19270832481:
    Name: R-CMD-check
    Branch: main
    Status: completed
    Conclusion: success
    Created: 2025-11-11T15:43:02Z
    URL: https://github.com/JohnGavin/statues_named_john/actions/runs/19270832481

  Run #19270832459:
    Name: pkgdown
    Branch: main
    Status: completed
    Conclusion: success
    Created: 2025-11-11T15:43:01Z
    URL: https://github.com/JohnGavin/statues_named_john/actions/runs/19270832459

--- Checking Workflows for PR #5 ---
Found 3 workflow runs for update-vignette-comparison branch
  pkgdown: update-vignette-comparison (status: completed, conclusion: success)
  test-coverage: update-vignette-comparison (status: completed, conclusion: success)
  R-CMD-check: update-vignette-comparison (status: completed, conclusion: success)
R version 4.5.1 (2025-06-13)
Platform: aarch64-apple-darwin24.6.0
Running under: macOS Sequoia 15.7.1

Matrix products: default
BLAS:   /nix/store/jammm5gz621n7dkzfzc1c43gs6xv9a10-blas-3/lib/libblas.dylib 
LAPACK: /nix/store/30ypx3jnyq4r1z4nv742j1csfflsd66v-openblas-0.3.30/lib/libopenblasp-r0.3.30.dylib;  LAPACK version 3.12.0

locale:
[1] en_GB.UTF-8/en_GB.UTF-8/en_GB.UTF-8/C/en_GB.UTF-8/en_GB.UTF-8

time zone: Europe/Belfast
tzcode source: internal

attached base packages:
[1] stats     graphics  grDevices utils     datasets  methods   base     

other attached packages:
[1] gh_1.5.0

loaded via a namespace (and not attached):
 [1] R6_2.6.1          gert_2.1.5        magrittr_2.0.3    rappdirs_0.3.3   
 [5] glue_1.8.0        gitcreds_0.1.2    lifecycle_1.0.4   cli_3.6.5        
 [9] askpass_1.2.1     openssl_2.3.3     vctrs_0.6.5       withr_3.0.2      
[13] compiler_4.5.1    tools_4.5.1       purrr_1.1.0       sys_3.4.3        
[17] credentials_2.0.2 curl_6.4.0        httr2_1.2.1       rlang_1.1.6      
[21] jsonlite_2.0.0    fs_1.6.6          usethis_3.1.0    
