 [1] "# This file was generated by the {rix} R package v0.16.0 on 2025-11-12"                                                        
 [2] "# with following call:"                                                                                                        
 [3] "# >rix(r_ver = \"16652342fb25be8f7b2f3b69708f1e0ea8334158\","                                                                  
 [4] "#  > r_pkgs = c(\"devtools\","                                                                                                 
 [5] "#  > \"roxygen2\","                                                                                                            
 [6] "#  > \"testthat\","                                                                                                            
 [7] "#  > \"knitr\","                                                                                                               
 [8] "#  > \"rmarkdown\","                                                                                                           
 [9] "#  > \"rvest\","                                                                                                               
[10] "#  > \"httr\","                                                                                                                
[11] "#  > \"httr2\","                                                                                                               
[12] "#  > \"dplyr\","                                                                                                               
[13] "#  > \"purrr\","                                                                                                               
[14] "#  > \"stringr\","                                                                                                             
[15] "#  > \"tibble\","                                                                                                              
[16] "#  > \"ggplot2\","                                                                                                             
[17] "#  > \"lubridate\","                                                                                                           
[18] "#  > \"tidyr\","                                                                                                               
[19] "#  > \"scales\","                                                                                                              
[20] "#  > \"covr\","                                                                                                                
[21] "#  > \"pkgdown\","                                                                                                             
[22] "#  > \"targets\","                                                                                                             
[23] "#  > \"tarchetypes\","                                                                                                         
[24] "#  > \"WikidataQueryServiceR\","                                                                                               
[25] "#  > \"osmdata\","                                                                                                             
[26] "#  > \"sf\","                                                                                                                  
[27] "#  > \"leaflet\","                                                                                                             
[28] "#  > \"gh\","                                                                                                                  
[29] "#  > \"gert\","                                                                                                                
[30] "#  > \"usethis\"),"                                                                                                            
[31] "#  > system_pkgs = c(\"pandoc\","                                                                                              
[32] "#  > \"qpdf\"),"                                                                                                               
[33] "#  > git_pkgs = NULL,"                                                                                                         
[34] "#  > ide = \"none\","                                                                                                          
[35] "#  > project_path = \".\","                                                                                                    
[36] "#  > overwrite = TRUE,"                                                                                                        
[37] "#  > print = TRUE)"                                                                                                            
[38] "# It uses upstream nixpkgs' revision 16652342fb25be8f7b2f3b69708f1e0ea8334158 for reproducibility purposes"                    
[39] "# which will install R version latest-upstream."                                                                               
[40] "# Report any issues to https://github.com/ropensci/rix"                                                                        
[41] "let"                                                                                                                           
[42] " pkgs = import (fetchTarball \"https://github.com/NixOS/nixpkgs/archive/16652342fb25be8f7b2f3b69708f1e0ea8334158.tar.gz\") {};"
[43] " "                                                                                                                             
[44] "  rpkgs = builtins.attrValues {"                                                                                               
[45] "    inherit (pkgs.rPackages) "                                                                                                 
[46] "      covr"                                                                                                                    
[47] "      devtools"                                                                                                                
[48] "      dplyr"                                                                                                                   
[49] "      gert"                                                                                                                    
[50] "      ggplot2"                                                                                                                 
[51] "      gh"                                                                                                                      
[52] "      httr"                                                                                                                    
[53] "      httr2"                                                                                                                   
[54] "      knitr"                                                                                                                   
[55] "      leaflet"                                                                                                                 
[56] "      lubridate"                                                                                                               
[57] "      osmdata"                                                                                                                 
[58] "      pkgdown"                                                                                                                 
[59] "      purrr"                                                                                                                   
[60] "      rmarkdown"                                                                                                               
[61] "      roxygen2"                                                                                                                
[62] "      rvest"                                                                                                                   
[63] "      scales"                                                                                                                  
[64] "      sf"                                                                                                                      
[65] "      stringr"                                                                                                                 
[66] "      tarchetypes"                                                                                                             
[67] "      targets"                                                                                                                 
[68] "      testthat"                                                                                                                
[69] "      tibble"                                                                                                                  
[70] "      tidyr"                                                                                                                   
[71] "      usethis"                                                                                                                 
[72] "      WikidataQueryServiceR;"                                                                                                  
[73] "  };"                                                                                                                          
[74] "     "                                                                                                                         
[75] "  system_packages = builtins.attrValues {"                                                                                     
[76] "    inherit (pkgs) "                                                                                                           
[77] "      glibcLocales"                                                                                                            
[78] "      nix"                                                                                                                     
[79] "      pandoc"                                                                                                                  
[80] "      qpdf"                                                                                                                    
[81] "      R;"                                                                                                                      
[82] "  };"                                                                                                                          
[83] "  "                                                                                                                            
[84] "  shell = pkgs.mkShell {"                                                                                                      
[85] "    LOCALE_ARCHIVE = if pkgs.system == \"x86_64-linux\" then \"${pkgs.glibcLocales}/lib/locale/locale-archive\" else \"\";"    
[86] "    LANG = \"en_US.UTF-8\";"                                                                                                   
[87] "    LC_ALL = \"en_US.UTF-8\";"                                                                                                 
[88] "    LC_TIME = \"en_US.UTF-8\";"                                                                                                
[89] "    LC_MONETARY = \"en_US.UTF-8\";"                                                                                            
[90] "    LC_PAPER = \"en_US.UTF-8\";"                                                                                               
[91] "    LC_MEASUREMENT = \"en_US.UTF-8\";"                                                                                         
[92] "    "                                                                                                                          
[93] "    buildInputs = [  rpkgs   system_packages   ];"                                                                             
[94] "    "                                                                                                                          
[95] "  }; "                                                                                                                         
[96] "in"                                                                                                                            
[97] "  {"                                                                                                                           
[98] "    inherit pkgs shell;"                                                                                                       
[99] "  }"                                                                                                                           
default.nix generated successfully!
Now run: nix-shell --run R
